#
# There is insufficient memory for the Java Runtime Environment to continue.
# Native memory allocation (mmap) failed to map 257949696 bytes for G1 virtual space
# Possible reasons:
#   The system is out of physical RAM or swap space
#   The process is running with CompressedOops enabled, and the Java Heap may be blocking the growth of the native heap
# Possible solutions:
#   Reduce memory load on the system
#   Increase physical memory or swap space
#   Check if swap backing store is full
#   Decrease Java heap size (-Xmx/-Xms)
#   Decrease number of Java threads
#   Decrease Java thread stack sizes (-Xss)
#   Set larger code cache with -XX:ReservedCodeCacheSize=
#   JVM is running with Zero Based Compressed Oops mode in which the Java heap is
#     placed in the first 32GB address space. The Java Heap base address is the
#     maximum limit for the native heap growth. Please use -XX:HeapBaseMinAddress
#     to set the Java Heap base and to place the Java Heap above 32GB virtual address.
# This output file may be truncated or incomplete.
#
#  Out of Memory Error (os_windows.cpp:3600), pid=18620, tid=13792
#
# JRE version:  (21.0.1+12) (build )
# Java VM: OpenJDK 64-Bit Server VM (21.0.1+12-29, mixed mode, sharing, tiered, compressed oops, compressed class ptrs, g1 gc, windows-amd64)
# No core dump will be written. Minidumps are not enabled by default on client versions of Windows
#

---------------  S U M M A R Y ------------

Command Line: org.jetbrains.kotlin.cli.jvm.K2JVMCompiler @C:\Users\egore\Documents\GitHub\OrdersSystem\OrdersSystem\build\20240312_12120532917904988947.compiler.options

Host: AMD Ryzen 7 5800H with Radeon Graphics         , 16 cores, 15G,  Windows 11 , 64 bit Build 22621 (10.0.22621.3085)
Time: Tue Mar 12 16:18:37 2024 RTZ 2 (s 11 , 64 bit Build 22621 (10.0.22621.3085) elapsed time: 0.006834 seconds (0d 0h 0m 0s)

---------------  T H R E A D  ---------------

Current thread (0x000001af840f1fe0):  JavaThread "Unknown thread" [_thread_in_vm, id=13792, stack(0x000000050db00000,0x000000050dc00000) (1024K)]

Stack: [0x000000050db00000,0x000000050dc00000]
Native frames: (J=compiled Java code, j=interpreted, Vv=VM code, C=native code)
V  [jvm.dll+0x6c9029]
V  [jvm.dll+0x854b81]
V  [jvm.dll+0x856e5e]
V  [jvm.dll+0x857543]
V  [jvm.dll+0x280c06]
V  [jvm.dll+0x6c5715]
V  [jvm.dll+0x6ba10a]
V  [jvm.dll+0x3557ea]
V  [jvm.dll+0x35d436]
V  [jvm.dll+0x3ae1be]
V  [jvm.dll+0x3ae468]
V  [jvm.dll+0x3291fc]
V  [jvm.dll+0x329d8b]
V  [jvm.dll+0x81d179]
V  [jvm.dll+0x3bb4f1]
V  [jvm.dll+0x805ae8]
V  [jvm.dll+0x44effe]
V  [jvm.dll+0x450901]
C  [jli.dll+0x52a3]
C  [ucrtbase.dll+0x29363]
C  [KERNEL32.DLL+0x1257d]
C  [ntdll.dll+0x5aa58]


---------------  P R O C E S S  ---------------

Threads class SMR info:
_java_thread_list=0x00007ffda7f49b88, length=0, elements={
}

Java Threads: ( => current thread )
Total: 0

Other Threads:
  0x000001af8641c190 WorkerThread "GC Thread#0"                     [id=1620, stack(0x000000050dc00000,0x000000050dd00000) (1024K)]
  0x000001af8642c8e0 ConcurrentGCThread "G1 Main Marker"            [id=8660, stack(0x000000050dd00000,0x000000050de00000) (1024K)]
  0x000001af8642e390 WorkerThread "G1 Conc#0"                       [id=24968, stack(0x000000050de00000,0x000000050df00000) (1024K)]

[error occurred during error reporting (printing all threads), id 0xc0000005, EXCEPTION_ACCESS_VIOLATION (0xc0000005) at pc=0x00007ffda76bc2c7]
VM state: not at safepoint (not fully initialized)

VM Mutex/Monitor currently owned by a thread:  ([mutex/lock_event])
[0x00007ffda7fba6f8] Heap_lock - owner thread: 0x000001af840f1fe0

Heap address: 0x000000070a400000, size: 3932 MB, Compressed Oops mode: Zero based, Oop shift amount: 3

CDS archive(s) mapped at: [0x0000000000000000-0x0000000000000000-0x0000000000000000), size 0, SharedBaseAddress: 0x0000000800000000, ArchiveRelocationMode: 1.
Narrow klass base: 0x0000000000000000, Narrow klass shift: 0, Narrow klass range: 0x0

GC Precious Log:
 CardTable entry size: 512
 Card Set container configuration: InlinePtr #cards 4 size 8 Array Of Cards #cards 16 size 48 Howl #buckets 8 coarsen threshold 3686 Howl Bitmap #cards 512 size 80 coarsen threshold 460 Card regions per heap region 1 cards per card region 4096

Heap:
 garbage-first heap   total 0K, used 0K [0x000000070a400000, 0x0000000800000000)
  region size 2048K, 0 young (0K), 0 survivors (0K)

[error occurred during error reporting (printing heap information), id 0xc0000005, EXCEPTION_ACCESS_VIOLATION (0xc0000005) at pc=0x00007ffda7aa1be9]
GC Heap History (0 events):
No events

Dll operation events (1 events):
Event: 0.004 Loaded shared library C:\Users\egore\.jdks\openjdk-21.0.1\bin\java.dll

Deoptimization events (0 events):
No events

Classes loaded (0 events):
No events

Classes unloaded (0 events):
No events

Classes redefined (0 events):
No events

Internal exceptions (0 events):
No events

ZGC Phase Switch (0 events):
No events

VM Operations (0 events):
No events

Events (0 events):
No events


Dynamic libraries:
0x00007ff6934e0000 - 0x00007ff6934ee000 	C:\Users\egore\.jdks\openjdk-21.0.1\bin\java.exe
0x00007ffdfc930000 - 0x00007ffdfcb47000 	C:\WINDOWS\SYSTEM32\ntdll.dll
0x00007ffdfb9d0000 - 0x00007ffdfba94000 	C:\WINDOWS\System32\KERNEL32.DLL
0x00007ffdf9ca0000 - 0x00007ffdfa046000 	C:\WINDOWS\System32\KERNELBASE.dll
0x00007ffdfa080000 - 0x00007ffdfa191000 	C:\WINDOWS\System32\ucrtbase.dll
0x00007ffde7220000 - 0x00007ffde723b000 	C:\Users\egore\.jdks\openjdk-21.0.1\bin\VCRUNTIME140.dll
0x00007ffdecd70000 - 0x00007ffdecd88000 	C:\Users\egore\.jdks\openjdk-21.0.1\bin\jli.dll
0x00007ffdfa8d0000 - 0x00007ffdfaa7e000 	C:\WINDOWS\System32\USER32.dll
0x00007ffdf9c70000 - 0x00007ffdf9c96000 	C:\WINDOWS\System32\win32u.dll
0x00007ffddd450000 - 0x00007ffddd6e3000 	C:\WINDOWS\WinSxS\amd64_microsoft.windows.common-controls_6595b64144ccf1df_6.0.22621.2506_none_270c5ae97388e100\COMCTL32.dll
0x00007ffdfa7f0000 - 0x00007ffdfa819000 	C:\WINDOWS\System32\GDI32.dll
0x00007ffdfc6e0000 - 0x00007ffdfc787000 	C:\WINDOWS\System32\msvcrt.dll
0x00007ffdfa210000 - 0x00007ffdfa328000 	C:\WINDOWS\System32\gdi32full.dll
0x00007ffdfa4a0000 - 0x00007ffdfa53a000 	C:\WINDOWS\System32\msvcp_win.dll
0x00007ffdfa7a0000 - 0x00007ffdfa7d1000 	C:\WINDOWS\System32\IMM32.DLL
0x00007ffdf6550000 - 0x00007ffdf655c000 	C:\Users\egore\.jdks\openjdk-21.0.1\bin\vcruntime140_1.dll
0x00007ffdcf2b0000 - 0x00007ffdcf33e000 	C:\Users\egore\.jdks\openjdk-21.0.1\bin\msvcp140.dll
0x00007ffda7380000 - 0x00007ffda8095000 	C:\Users\egore\.jdks\openjdk-21.0.1\bin\server\jvm.dll
0x00007ffdfbca0000 - 0x00007ffdfbd53000 	C:\WINDOWS\System32\ADVAPI32.dll
0x00007ffdfa820000 - 0x00007ffdfa8c8000 	C:\WINDOWS\System32\sechost.dll
0x00007ffdfa050000 - 0x00007ffdfa078000 	C:\WINDOWS\System32\bcrypt.dll
0x00007ffdfa680000 - 0x00007ffdfa797000 	C:\WINDOWS\System32\RPCRT4.dll
0x00007ffdfab90000 - 0x00007ffdfac01000 	C:\WINDOWS\System32\WS2_32.dll
0x00007ffdf9b40000 - 0x00007ffdf9b8d000 	C:\WINDOWS\SYSTEM32\POWRPROF.dll
0x00007ffdf1670000 - 0x00007ffdf16a4000 	C:\WINDOWS\SYSTEM32\WINMM.dll
0x00007ffdf10b0000 - 0x00007ffdf10ba000 	C:\WINDOWS\SYSTEM32\VERSION.dll
0x00007ffdf9b20000 - 0x00007ffdf9b33000 	C:\WINDOWS\SYSTEM32\UMPDC.dll
0x00007ffdf8cb0000 - 0x00007ffdf8cc8000 	C:\WINDOWS\SYSTEM32\kernel.appcore.dll
0x00007ffdf10c0000 - 0x00007ffdf10ca000 	C:\Users\egore\.jdks\openjdk-21.0.1\bin\jimage.dll
0x00007ffdf74a0000 - 0x00007ffdf76d3000 	C:\WINDOWS\SYSTEM32\DBGHELP.DLL
0x00007ffdfc2f0000 - 0x00007ffdfc679000 	C:\WINDOWS\System32\combase.dll
0x00007ffdfc810000 - 0x00007ffdfc8e7000 	C:\WINDOWS\System32\OLEAUT32.dll
0x00007ffde9f80000 - 0x00007ffde9fb2000 	C:\WINDOWS\SYSTEM32\dbgcore.DLL
0x00007ffdfa540000 - 0x00007ffdfa5ba000 	C:\WINDOWS\System32\bcryptPrimitives.dll
0x00007ffde71a0000 - 0x00007ffde71bf000 	C:\Users\egore\.jdks\openjdk-21.0.1\bin\java.dll

dbghelp: loaded successfully - version: 4.0.5 - missing functions: none
symbol engine: initialized successfully - sym options: 0x614 - pdb path: .;C:\Users\egore\.jdks\openjdk-21.0.1\bin;C:\WINDOWS\SYSTEM32;C:\WINDOWS\WinSxS\amd64_microsoft.windows.common-controls_6595b64144ccf1df_6.0.22621.2506_none_270c5ae97388e100;C:\Users\egore\.jdks\openjdk-21.0.1\bin\server

VM Arguments:
java_command: org.jetbrains.kotlin.cli.jvm.K2JVMCompiler @C:\Users\egore\Documents\GitHub\OrdersSystem\OrdersSystem\build\20240312_12120532917904988947.compiler.options
java_class_path (initial): C:\Users\egore\.gradle\caches\modules-2\files-2.1\org.jetbrains.kotlin\kotlin-compiler-embeddable\1.9.22\9cd4dc7773cf2a99ecd961a88fbbc9a2da3fb5e1\kotlin-compiler-embeddable-1.9.22.jar;C:\Users\egore\.gradle\caches\modules-2\files-2.1\org.jetbrains.kotlin\kotlin-stdlib\1.9.22\d6c44cd08d8f3f9bece8101216dbe6553365c6e3\kotlin-stdlib-1.9.22.jar;C:\Users\egore\.gradle\caches\modules-2\files-2.1\org.jetbrains.kotlin\kotlin-script-runtime\1.9.22\f8139a46fc677ec9badc49ae954392f4f5e7e7c7\kotlin-script-runtime-1.9.22.jar;C:\Users\egore\.gradle\caches\modules-2\files-2.1\org.jetbrains.kotlin\kotlin-reflect\1.6.10\1cbe9c92c12a94eea200d23c2bbaedaf3daf5132\kotlin-reflect-1.6.10.jar;C:\Users\egore\.gradle\caches\modules-2\files-2.1\org.jetbrains.kotlin\kotlin-daemon-embeddable\1.9.22\20e2c5df715f3240c765cfc222530e2796542021\kotlin-daemon-embeddable-1.9.22.jar;C:\Users\egore\.gradle\caches\modules-2\files-2.1\org.jetbrains.intellij.deps\trove4j\1.0.20200330\3afb14d5f9ceb459d724e907a21145e8ff394f02\trove4j-1.0.20200330.jar;C:\Users\egore\.gradle\caches\modules-2\files-2.1\org.jetbrains\annotations\13.0\919f0dfe192fb4e063e7dacadee7f8bb9a2672a9\annotations-13.0.jar
Launcher Type: SUN_STANDARD

[Global flags]
     intx CICompilerCount                          = 12                                        {product} {ergonomic}
     uint ConcGCThreads                            = 3                                         {product} {ergonomic}
     uint G1ConcRefinementThreads                  = 13                                        {product} {ergonomic}
   size_t G1HeapRegionSize                         = 2097152                                   {product} {ergonomic}
    uintx GCDrainStackTargetSize                   = 64                                        {product} {ergonomic}
   size_t InitialHeapSize                          = 257949696                                 {product} {ergonomic}
   size_t MarkStackSize                            = 4194304                                   {product} {ergonomic}
   size_t MaxHeapSize                              = 4123000832                                {product} {ergonomic}
   size_t MinHeapDeltaBytes                        = 2097152                                   {product} {ergonomic}
   size_t MinHeapSize                              = 8388608                                   {product} {ergonomic}
    uintx NonNMethodCodeHeapSize                   = 7602480                                {pd product} {ergonomic}
    uintx NonProfiledCodeHeapSize                  = 122027880                              {pd product} {ergonomic}
    uintx ProfiledCodeHeapSize                     = 122027880                              {pd product} {ergonomic}
    uintx ReservedCodeCacheSize                    = 251658240                              {pd product} {ergonomic}
     bool SegmentedCodeCache                       = true                                      {product} {ergonomic}
   size_t SoftMaxHeapSize                          = 4123000832                             {manageable} {ergonomic}
     bool UseCompressedOops                        = true                           {product lp64_product} {ergonomic}
     bool UseG1GC                                  = true                                      {product} {ergonomic}
     bool UseLargePagesIndividualAllocation        = false                                  {pd product} {ergonomic}

Logging:
Log output configuration:
 #0: stdout all=warning uptime,level,tags foldmultilines=false
 #1: stderr all=off uptime,level,tags foldmultilines=false

Environment Variables:
PATH=C:\Program Files\Microsoft\jdk-11.0.12.7-hotspot\bin;C:\ProgramData\Oracle\Java\javapath;C:\Windows\System32\HWAudioDriverLibs;C:\Windows\system32;C:\Windows;C:\Windows\System32\Wbem;C:\Windows\System32\WindowsPowerShell\v1.0\;C:\Windows\System32\OpenSSH\;C:\Users\Administrator\AppData\Local\Microsoft\WindowsApps;C:\Program Files\dotnet\;C:\WINDOWS\system32;C:\WINDOWS;C:\WINDOWS\System32\Wbem;C:\WINDOWS\System32\WindowsPowerShell\v1.0\;C:\WINDOWS\System32\OpenSSH\;C:\Program Files\Git\cmd;C:\Users\egore\AppData\Local\Programs\Python\Python310\Scripts\;C:\Users\egore\AppData\Local\Programs\Python\Python310\;C:\Users\egore\AppData\Local\Microsoft\WindowsApps;C:\Users\egore\.dotnet\tools;C:\Program Files\JetBrains\CLion 2023.3.3\bin;;D:\MiKTeX\miktex\bin\x64\;C:\Users\egore\AppData\Local\GitHubDesktop\bin;D:\JetBrains\IntelliJ IDEA 2023.2.5\IntelliJ IDEA 2023.3.2\bin;;C:\Program Files\JetBrains\DataGrip 2023.3.4\bin;
USERNAME=egore
OS=Windows_NT
PROCESSOR_IDENTIFIER=AMD64 Family 25 Model 80 Stepping 0, AuthenticAMD
TMP=C:\Users\egore\AppData\Local\Temp
TEMP=C:\Users\egore\AppData\Local\Temp




Periodic native trim disabled

---------------  S Y S T E M  ---------------

OS:
 Windows 11 , 64 bit Build 22621 (10.0.22621.3085)
OS uptime: 2 days 19:09 hours

CPU: total 16 (initial active 16) (16 cores per cpu, 2 threads per core) family 25 model 80 stepping 0 microcode 0x0, cx8, cmov, fxsr, ht, mmx, 3dnowpref, sse, sse2, sse3, ssse3, sse4a, sse4.1, sse4.2, popcnt, lzcnt, tsc, tscinvbit, avx, avx2, aes, erms, clmul, bmi1, bmi2, adx, sha, fma, vzeroupper, clflush, clflushopt, rdtscp, rdpid, fsrm, f16c, pku, cet_ss
Processor Information for processor 0
  Max Mhz: 3201, Current Mhz: 1990, Mhz Limit: 3201
Processor Information for processor 1
  Max Mhz: 3201, Current Mhz: 1990, Mhz Limit: 3201
Processor Information for processor 2
  Max Mhz: 3201, Current Mhz: 1990, Mhz Limit: 3201
Processor Information for processor 3
  Max Mhz: 3201, Current Mhz: 3201, Mhz Limit: 3201
Processor Information for processor 4
  Max Mhz: 3201, Current Mhz: 1990, Mhz Limit: 3201
Processor Information for processor 5
  Max Mhz: 3201, Current Mhz: 1990, Mhz Limit: 3201
Processor Information for processor 6
  Max Mhz: 3201, Current Mhz: 3201, Mhz Limit: 3201
Processor Information for processor 7
  Max Mhz: 3201, Current Mhz: 1990, Mhz Limit: 3201
Processor Information for processor 8
  Max Mhz: 3201, Current Mhz: 1990, Mhz Limit: 3201
Processor Information for processor 9
  Max Mhz: 3201, Current Mhz: 1990, Mhz Limit: 3201
Processor Information for processor 10
  Max Mhz: 3201, Current Mhz: 1990, Mhz Limit: 3201
Processor Information for processor 11
  Max Mhz: 3201, Current Mhz: 1990, Mhz Limit: 3201
Processor Information for processor 12
  Max Mhz: 3201, Current Mhz: 1990, Mhz Limit: 3201
Processor Information for processor 13
  Max Mhz: 3201, Current Mhz: 1990, Mhz Limit: 3201
Processor Information for processor 14
  Max Mhz: 3201, Current Mhz: 1990, Mhz Limit: 3201
Processor Information for processor 15
  Max Mhz: 3201, Current Mhz: 1990, Mhz Limit: 3201

Memory: 4k page, system-wide physical 15724M (2654M free)
TotalPageFile size 15724M (AvailPageFile size 153M)
current process WorkingSet (physical memory assigned to process): 11M, peak: 11M
current process commit charge ("private bytes"): 70M, peak: 316M

vm_info: OpenJDK 64-Bit Server VM (21.0.1+12-29) for windows-amd64 JRE (21.0.1+12-29), built on 2023-10-05T13:27:09Z by "mach5one" with MS VC++ 17.1 (VS2022)

END.
